app/build/intermediates/manifest_merge_blame_file/release/processReleaseMainManifest/manifest-merger-blame-release-report.txt
1<?xml version="1.0" encoding="utf-8"?>
2<manifest xmlns:android="http://schemas.android.com/apk/res/android"
3    package="com.opent9.keyboard"
4    android:versionCode="1"
5    android:versionName="3.0.0" >
6
7    <uses-sdk
8        android:minSdkVersion="26"
9        android:targetSdkVersion="34" />
10
11    <uses-permission android:name="android.permission.VIBRATE" />
11-->src/main/AndroidManifest.xml:4:5-66
11-->src/main/AndroidManifest.xml:4:22-63
12
13    <permission
13-->[androidx.core:core:1.12.0] AndroidManifest.xml:22:5-24:47
14        android:name="com.opent9.keyboard.DYNAMIC_RECEIVER_NOT_EXPORTED_PERMISSION"
14-->[androidx.core:core:1.12.0] AndroidManifest.xml:23:9-81
15        android:protectionLevel="signature" />
15-->[androidx.core:core:1.12.0] AndroidManifest.xml:24:9-44
16
17    <uses-permission android:name="com.opent9.keyboard.DYNAMIC_RECEIVER_NOT_EXPORTED_PERMISSION" />
17-->[androidx.core:core:1.12.0] AndroidManifest.xml:26:5-97
17-->[androidx.core:core:1.12.0] AndroidManifest.xml:26:22-94
18
19    <application
19-->src/main/AndroidManifest.xml:6:5-36:19
20        android:allowBackup="false"
20-->src/main/AndroidManifest.xml:7:9-36
21        android:appComponentFactory="androidx.core.app.CoreComponentFactory"
21-->[androidx.core:core:1.12.0] AndroidManifest.xml:28:18-86
22        android:extractNativeLibs="false"
23        android:icon="@drawable/ic_launcher"
23-->src/main/AndroidManifest.xml:8:9-45
24        android:label="@string/app_name"
24-->src/main/AndroidManifest.xml:9:9-41
25        android:supportsRtl="true"
25-->src/main/AndroidManifest.xml:10:9-35
26        android:theme="@style/Theme.AppCompat.DayNight.NoActionBar" >
26-->src/main/AndroidManifest.xml:11:9-68
27        <service
27-->src/main/AndroidManifest.xml:13:9-24:19
28            android:name="com.opent9.keyboard.OpenT9InputMethodService"
28-->src/main/AndroidManifest.xml:14:13-53
29            android:exported="true"
29-->src/main/AndroidManifest.xml:15:13-36
30            android:label="@string/ime_name"
30-->src/main/AndroidManifest.xml:16:13-45
31            android:permission="android.permission.BIND_INPUT_METHOD" >
31-->src/main/AndroidManifest.xml:17:13-70
32            <intent-filter>
32-->src/main/AndroidManifest.xml:18:13-20:29
33                <action android:name="android.view.InputMethod" />
33-->src/main/AndroidManifest.xml:19:17-67
33-->src/main/AndroidManifest.xml:19:25-64
34            </intent-filter>
35
36            <meta-data
36-->src/main/AndroidManifest.xml:21:13-23:50
37                android:name="android.view.im"
37-->src/main/AndroidManifest.xml:22:17-47
38                android:resource="@xml/method" />
38-->src/main/AndroidManifest.xml:23:17-47
39        </service>
40
41        <activity
41-->src/main/AndroidManifest.xml:26:9-34:20
42            android:name="com.opent9.keyboard.settings.SettingsActivity"
42-->src/main/AndroidManifest.xml:27:13-54
43            android:exported="true"
43-->src/main/AndroidManifest.xml:28:13-36
44            android:label="@string/settings_title"
44-->src/main/AndroidManifest.xml:29:13-51
45            android:theme="@style/Theme.AppCompat.DayNight" >
45-->src/main/AndroidManifest.xml:30:13-60
46            <intent-filter>
46-->src/main/AndroidManifest.xml:31:13-33:29
47                <action android:name="android.intent.action.MAIN" />
47-->src/main/AndroidManifest.xml:32:17-69
47-->src/main/AndroidManifest.xml:32:25-66
48            </intent-filter>
49        </activity>
50
51        <provider
51-->[androidx.emoji2:emoji2:1.2.0] AndroidManifest.xml:24:9-32:20
52            android:name="androidx.startup.InitializationProvider"
52-->[androidx.emoji2:emoji2:1.2.0] AndroidManifest.xml:25:13-67
53            android:authorities="com.opent9.keyboard.androidx-startup"
53-->[androidx.emoji2:emoji2:1.2.0] AndroidManifest.xml:26:13-68
54            android:exported="false" >
54-->[androidx.emoji2:emoji2:1.2.0] AndroidManifest.xml:27:13-37
55            <meta-data
55-->[androidx.emoji2:emoji2:1.2.0] AndroidManifest.xml:29:13-31:52
56                android:name="androidx.emoji2.text.EmojiCompatInitializer"
56-->[androidx.emoji2:emoji2:1.2.0] AndroidManifest.xml:30:17-75
57                android:value="androidx.startup" />
57-->[androidx.emoji2:emoji2:1.2.0] AndroidManifest.xml:31:17-49
58            <meta-data
58-->[androidx.lifecycle:lifecycle-process:2.4.1] AndroidManifest.xml:31:13-33:52
59                android:name="androidx.lifecycle.ProcessLifecycleInitializer"
59-->[androidx.lifecycle:lifecycle-process:2.4.1] AndroidManifest.xml:32:17-78
60                android:value="androidx.startup" />
60-->[androidx.lifecycle:lifecycle-process:2.4.1] AndroidManifest.xml:33:17-49
61        </provider>
62
63        <uses-library
63-->[androidx.window:window:1.0.0] AndroidManifest.xml:25:9-27:40
64            android:name="androidx.window.extensions"
64-->[androidx.window:window:1.0.0] AndroidManifest.xml:26:13-54
65            android:required="false" />
65-->[androidx.window:window:1.0.0] AndroidManifest.xml:27:13-37
66        <uses-library
66-->[androidx.window:window:1.0.0] AndroidManifest.xml:28:9-30:40
67            android:name="androidx.window.sidecar"
67-->[androidx.window:window:1.0.0] AndroidManifest.xml:29:13-51
68            android:required="false" />
68-->[androidx.window:window:1.0.0] AndroidManifest.xml:30:13-37
69    </application>
70
71</manifest>